2025-09-09 00:18:48,249 - INFO - Logging resource usage!!
2025-09-09 00:18:49,252 - INFO - Total CPU Usage: 40.4%
2025-09-09 00:18:49,252 - INFO - Total Memory Usage: 28.0%
2025-09-09 00:18:49,252 - INFO - Getting processes!
2025-09-09 00:18:49,279 - INFO -    PID Process Name                    CPU % Memory % User            Status     Start Time           Open Files  Connections
2025-09-09 00:18:49,279 - INFO - ------------------------------------------------------------------------------------------------------------------------
2025-09-09 00:18:49,279 - INFO -     95 python                           0.00     0.30 node            running    2025-09-09 00:18:45           5            5
2025-09-09 00:18:49,279 - INFO -     81 node                             0.00     0.19 node            sleeping   2025-09-09 00:18:44           0            2
2025-09-09 00:18:49,279 - INFO -     69 npm run start                    0.00     0.12 node            sleeping   2025-09-09 00:18:44           1            0
2025-09-09 00:18:49,279 - INFO -      1 sh                               0.00     0.00 node            sleeping   2025-09-09 00:18:37           1            0
2025-09-09 00:18:49,279 - INFO -     80 sh                               0.00     0.00 node            sleeping   2025-09-09 00:18:44           0            0
2025-09-09 00:19:31,604 - INFO - Logging resource usage!!
2025-09-09 00:19:32,620 - INFO - Total CPU Usage: 38.8%
2025-09-09 00:19:32,632 - INFO - Total Memory Usage: 31.3%
2025-09-09 00:19:32,649 - INFO - Getting processes!
2025-09-09 00:19:32,781 - INFO -    PID Process Name                    CPU % Memory % User            Status     Start Time           Open Files  Connections
2025-09-09 00:19:32,783 - INFO - ------------------------------------------------------------------------------------------------------------------------
2025-09-09 00:19:32,783 - INFO -     36 python                           0.00     0.32 node            running    2025-09-09 00:19:29           5            5
2025-09-09 00:19:32,783 - INFO -     22 node                             0.00     0.19 node            sleeping   2025-09-09 00:19:27           0            2
2025-09-09 00:19:32,783 - INFO -     10 npm run start                    0.00     0.17 node            sleeping   2025-09-09 00:19:26           1            1
2025-09-09 00:19:32,783 - INFO -     21 sh                               0.00     0.00 node            sleeping   2025-09-09 00:19:27           0            0
2025-09-09 00:19:32,783 - INFO -      1 sh                               0.00     0.00 node            sleeping   2025-09-09 00:19:25           1            0
